  [1m[35m (0.4ms)[0m  [1m[34mSELECT sqlite_version(*)[0m
  ↳ /usr/bin/rake:22
  [1m[35m (1.0ms)[0m  [1m[35mCREATE TABLE "schema_migrations" ("version" varchar NOT NULL PRIMARY KEY)[0m
  ↳ /usr/bin/rake:22
  [1m[35m (1.0ms)[0m  [1m[35mCREATE TABLE "ar_internal_metadata" ("key" varchar NOT NULL PRIMARY KEY, "value" varchar, "created_at" datetime NOT NULL, "updated_at" datetime NOT NULL)[0m
  ↳ /usr/bin/rake:22
  [1m[35m (0.4ms)[0m  [1m[34mSELECT "schema_migrations"."version" FROM "schema_migrations" ORDER BY "schema_migrations"."version" ASC[0m
  ↳ /usr/bin/rake:22
Migrating to CreateItems (20180811214444)
  [1m[35m (0.1ms)[0m  [1m[36mbegin transaction[0m
  ↳ /usr/bin/rake:22
  [1m[35m (0.3ms)[0m  [1m[35mCREATE TABLE "items" ("id" integer PRIMARY KEY AUTOINCREMENT NOT NULL, "name" varchar, "description" text, "created_at" datetime NOT NULL, "updated_at" datetime NOT NULL)[0m
  ↳ db/migrate/20180811214444_create_items.rb:3
  [1m[36mActiveRecord::SchemaMigration Create (0.1ms)[0m  [1m[32mINSERT INTO "schema_migrations" ("version") VALUES (?)[0m  [["version", "20180811214444"]]
  ↳ /usr/bin/rake:22
  [1m[35m (0.9ms)[0m  [1m[36mcommit transaction[0m
  ↳ /usr/bin/rake:22
  [1m[36mActiveRecord::InternalMetadata Load (0.2ms)[0m  [1m[34mSELECT  "ar_internal_metadata".* FROM "ar_internal_metadata" WHERE "ar_internal_metadata"."key" = ? LIMIT ?[0m  [["key", "environment"], ["LIMIT", 1]]
  ↳ /usr/bin/rake:22
  [1m[35m (0.0ms)[0m  [1m[36mbegin transaction[0m
  ↳ /usr/bin/rake:22
  [1m[36mActiveRecord::InternalMetadata Create (0.3ms)[0m  [1m[32mINSERT INTO "ar_internal_metadata" ("key", "value", "created_at", "updated_at") VALUES (?, ?, ?, ?)[0m  [["key", "environment"], ["value", "development"], ["created_at", "2018-08-11 21:46:06.017948"], ["updated_at", "2018-08-11 21:46:06.017948"]]
  ↳ /usr/bin/rake:22
  [1m[35m (1.0ms)[0m  [1m[36mcommit transaction[0m
  ↳ /usr/bin/rake:22
  [1m[35m (0.1ms)[0m  [1m[34mSELECT "schema_migrations"."version" FROM "schema_migrations" ORDER BY "schema_migrations"."version" ASC[0m
  ↳ /usr/bin/rake:22
  [1m[35m (0.1ms)[0m  [1m[34mSELECT "schema_migrations"."version" FROM "schema_migrations" ORDER BY "schema_migrations"."version" ASC[0m
  ↳ /usr/bin/rake:22
  [1m[35m (0.0ms)[0m  [1m[36mbegin transaction[0m
  ↳ db/seeds.rb:8
  [1m[36mItem Create (0.3ms)[0m  [1m[32mINSERT INTO "items" ("name", "description", "created_at", "updated_at") VALUES (?, ?, ?, ?)[0m  [["name", "Item"], ["description", "I am a description."], ["created_at", "2018-08-11 21:54:41.093903"], ["updated_at", "2018-08-11 21:54:41.093903"]]
  ↳ db/seeds.rb:8
  [1m[35m (0.8ms)[0m  [1m[36mcommit transaction[0m
  ↳ db/seeds.rb:8
  [1m[35m (0.0ms)[0m  [1m[36mbegin transaction[0m
  ↳ db/seeds.rb:8
  [1m[36mItem Create (0.2ms)[0m  [1m[32mINSERT INTO "items" ("name", "description", "created_at", "updated_at") VALUES (?, ?, ?, ?)[0m  [["name", "Item"], ["description", "I am a description."], ["created_at", "2018-08-11 21:54:41.096080"], ["updated_at", "2018-08-11 21:54:41.096080"]]
  ↳ db/seeds.rb:8
  [1m[35m (0.6ms)[0m  [1m[36mcommit transaction[0m
  ↳ db/seeds.rb:8
  [1m[35m (0.0ms)[0m  [1m[36mbegin transaction[0m
  ↳ db/seeds.rb:8
  [1m[36mItem Create (0.2ms)[0m  [1m[32mINSERT INTO "items" ("name", "description", "created_at", "updated_at") VALUES (?, ?, ?, ?)[0m  [["name", "Item"], ["description", "I am a description."], ["created_at", "2018-08-11 21:54:41.097688"], ["updated_at", "2018-08-11 21:54:41.097688"]]
  ↳ db/seeds.rb:8
  [1m[35m (0.7ms)[0m  [1m[36mcommit transaction[0m
  ↳ db/seeds.rb:8
  [1m[35m (0.0ms)[0m  [1m[36mbegin transaction[0m
  ↳ db/seeds.rb:8
  [1m[36mItem Create (0.3ms)[0m  [1m[32mINSERT INTO "items" ("name", "description", "created_at", "updated_at") VALUES (?, ?, ?, ?)[0m  [["name", "Item"], ["description", "I am a description."], ["created_at", "2018-08-11 21:54:41.099438"], ["updated_at", "2018-08-11 21:54:41.099438"]]
  ↳ db/seeds.rb:8
  [1m[35m (0.7ms)[0m  [1m[36mcommit transaction[0m
  ↳ db/seeds.rb:8
  [1m[35m (0.0ms)[0m  [1m[36mbegin transaction[0m
  ↳ db/seeds.rb:8
  [1m[36mItem Create (0.2ms)[0m  [1m[32mINSERT INTO "items" ("name", "description", "created_at", "updated_at") VALUES (?, ?, ?, ?)[0m  [["name", "Item"], ["description", "I am a description."], ["created_at", "2018-08-11 21:54:41.101287"], ["updated_at", "2018-08-11 21:54:41.101287"]]
  ↳ db/seeds.rb:8
  [1m[35m (0.7ms)[0m  [1m[36mcommit transaction[0m
  ↳ db/seeds.rb:8
  [1m[35m (0.0ms)[0m  [1m[36mbegin transaction[0m
  ↳ db/seeds.rb:8
  [1m[36mItem Create (0.2ms)[0m  [1m[32mINSERT INTO "items" ("name", "description", "created_at", "updated_at") VALUES (?, ?, ?, ?)[0m  [["name", "Item"], ["description", "I am a description."], ["created_at", "2018-08-11 21:54:41.102992"], ["updated_at", "2018-08-11 21:54:41.102992"]]
  ↳ db/seeds.rb:8
  [1m[35m (0.8ms)[0m  [1m[36mcommit transaction[0m
  ↳ db/seeds.rb:8
  [1m[35m (0.0ms)[0m  [1m[36mbegin transaction[0m
  ↳ db/seeds.rb:8
  [1m[36mItem Create (0.2ms)[0m  [1m[32mINSERT INTO "items" ("name", "description", "created_at", "updated_at") VALUES (?, ?, ?, ?)[0m  [["name", "Item"], ["description", "I am a description."], ["created_at", "2018-08-11 21:54:41.104703"], ["updated_at", "2018-08-11 21:54:41.104703"]]
  ↳ db/seeds.rb:8
  [1m[35m (0.7ms)[0m  [1m[36mcommit transaction[0m
  ↳ db/seeds.rb:8
  [1m[35m (0.0ms)[0m  [1m[36mbegin transaction[0m
  ↳ db/seeds.rb:8
  [1m[36mItem Create (0.2ms)[0m  [1m[32mINSERT INTO "items" ("name", "description", "created_at", "updated_at") VALUES (?, ?, ?, ?)[0m  [["name", "Item"], ["description", "I am a description."], ["created_at", "2018-08-11 21:54:41.106457"], ["updated_at", "2018-08-11 21:54:41.106457"]]
  ↳ db/seeds.rb:8
  [1m[35m (0.7ms)[0m  [1m[36mcommit transaction[0m
  ↳ db/seeds.rb:8
  [1m[35m (0.0ms)[0m  [1m[36mbegin transaction[0m
  ↳ db/seeds.rb:8
  [1m[36mItem Create (0.2ms)[0m  [1m[32mINSERT INTO "items" ("name", "description", "created_at", "updated_at") VALUES (?, ?, ?, ?)[0m  [["name", "Item"], ["description", "I am a description."], ["created_at", "2018-08-11 21:54:41.108123"], ["updated_at", "2018-08-11 21:54:41.108123"]]
  ↳ db/seeds.rb:8
  [1m[35m (0.7ms)[0m  [1m[36mcommit transaction[0m
  ↳ db/seeds.rb:8
  [1m[35m (0.0ms)[0m  [1m[36mbegin transaction[0m
  ↳ db/seeds.rb:8
  [1m[36mItem Create (0.2ms)[0m  [1m[32mINSERT INTO "items" ("name", "description", "created_at", "updated_at") VALUES (?, ?, ?, ?)[0m  [["name", "Item"], ["description", "I am a description."], ["created_at", "2018-08-11 21:54:41.109774"], ["updated_at", "2018-08-11 21:54:41.109774"]]
  ↳ db/seeds.rb:8
  [1m[35m (0.7ms)[0m  [1m[36mcommit transaction[0m
  ↳ db/seeds.rb:8
Started GET "/api/v1/items.json" for ::1 at 2018-08-11 19:44:09 -0400
  [1m[35m (0.2ms)[0m  [1m[34mSELECT "schema_migrations"."version" FROM "schema_migrations" ORDER BY "schema_migrations"."version" ASC[0m
  ↳ /Library/Ruby/Gems/2.3.0/gems/activerecord-5.2.1/lib/active_record/log_subscriber.rb:98
  
ActionController::RoutingError (undefined method `protect_from_foregery' for ApplicationController:Class
Did you mean?  protect_from_forgery):
  
app/controllers/application_controller.rb:2:in `<class:ApplicationController>'
app/controllers/application_controller.rb:1:in `<main>'
app/controllers/api/v1/base_controller.rb:1:in `<main>'
app/controllers/api/v1/items_controller.rb:1:in `<main>'
Started GET "/api/v1/items.json" for ::1 at 2018-08-11 19:45:48 -0400
  [1m[35m (0.3ms)[0m  [1m[34mSELECT "schema_migrations"."version" FROM "schema_migrations" ORDER BY "schema_migrations"."version" ASC[0m
  ↳ /Library/Ruby/Gems/2.3.0/gems/activerecord-5.2.1/lib/active_record/log_subscriber.rb:98
Processing by Api::V1::ItemsController#index as JSON
  [1m[36mItem Load (0.2ms)[0m  [1m[34mSELECT "items".* FROM "items"[0m
  ↳ app/controllers/api/v1/items_controller.rb:3
Completed 200 OK in 37ms (Views: 9.9ms | ActiveRecord: 0.7ms)


Started GET "/" for ::1 at 2018-08-11 21:07:37 -0400
  [1m[35m (0.1ms)[0m  [1m[34mSELECT "schema_migrations"."version" FROM "schema_migrations" ORDER BY "schema_migrations"."version" ASC[0m
  ↳ /Library/Ruby/Gems/2.3.0/gems/activerecord-5.2.1/lib/active_record/log_subscriber.rb:98
Processing by SiteController#index as HTML
  Rendering site/index.html.erb within layouts/application
  Rendered site/index.html.erb within layouts/application (0.6ms)
Completed 200 OK in 2122ms (Views: 2101.8ms | ActiveRecord: 0.0ms)


Started GET "/site" for ::1 at 2018-08-11 21:08:01 -0400
  
ActionController::RoutingError (No route matches [GET] "/site"):
  
actionpack (5.2.1) lib/action_dispatch/middleware/debug_exceptions.rb:65:in `call'
web-console (3.6.2) lib/web_console/middleware.rb:135:in `call_app'
web-console (3.6.2) lib/web_console/middleware.rb:30:in `block in call'
web-console (3.6.2) lib/web_console/middleware.rb:20:in `catch'
web-console (3.6.2) lib/web_console/middleware.rb:20:in `call'
actionpack (5.2.1) lib/action_dispatch/middleware/show_exceptions.rb:33:in `call'
railties (5.2.1) lib/rails/rack/logger.rb:38:in `call_app'
railties (5.2.1) lib/rails/rack/logger.rb:26:in `block in call'
activesupport (5.2.1) lib/active_support/tagged_logging.rb:71:in `block in tagged'
activesupport (5.2.1) lib/active_support/tagged_logging.rb:28:in `tagged'
activesupport (5.2.1) lib/active_support/tagged_logging.rb:71:in `tagged'
railties (5.2.1) lib/rails/rack/logger.rb:26:in `call'
sprockets-rails (3.2.1) lib/sprockets/rails/quiet_assets.rb:13:in `call'
actionpack (5.2.1) lib/action_dispatch/middleware/remote_ip.rb:81:in `call'
actionpack (5.2.1) lib/action_dispatch/middleware/request_id.rb:27:in `call'
rack (2.0.5) lib/rack/method_override.rb:22:in `call'
rack (2.0.5) lib/rack/runtime.rb:22:in `call'
activesupport (5.2.1) lib/active_support/cache/strategy/local_cache_middleware.rb:29:in `call'
actionpack (5.2.1) lib/action_dispatch/middleware/executor.rb:14:in `call'
actionpack (5.2.1) lib/action_dispatch/middleware/static.rb:127:in `call'
rack (2.0.5) lib/rack/sendfile.rb:111:in `call'
railties (5.2.1) lib/rails/engine.rb:524:in `call'
puma (3.12.0) lib/puma/configuration.rb:225:in `call'
puma (3.12.0) lib/puma/server.rb:658:in `handle_request'
puma (3.12.0) lib/puma/server.rb:472:in `process_client'
puma (3.12.0) lib/puma/server.rb:332:in `block in run'
puma (3.12.0) lib/puma/thread_pool.rb:133:in `block in spawn_thread'
Started GET "/site/index" for ::1 at 2018-08-11 21:08:18 -0400
  
ActionController::RoutingError (No route matches [GET] "/site/index"):
  
actionpack (5.2.1) lib/action_dispatch/middleware/debug_exceptions.rb:65:in `call'
web-console (3.6.2) lib/web_console/middleware.rb:135:in `call_app'
web-console (3.6.2) lib/web_console/middleware.rb:30:in `block in call'
web-console (3.6.2) lib/web_console/middleware.rb:20:in `catch'
web-console (3.6.2) lib/web_console/middleware.rb:20:in `call'
actionpack (5.2.1) lib/action_dispatch/middleware/show_exceptions.rb:33:in `call'
railties (5.2.1) lib/rails/rack/logger.rb:38:in `call_app'
railties (5.2.1) lib/rails/rack/logger.rb:26:in `block in call'
activesupport (5.2.1) lib/active_support/tagged_logging.rb:71:in `block in tagged'
activesupport (5.2.1) lib/active_support/tagged_logging.rb:28:in `tagged'
activesupport (5.2.1) lib/active_support/tagged_logging.rb:71:in `tagged'
railties (5.2.1) lib/rails/rack/logger.rb:26:in `call'
sprockets-rails (3.2.1) lib/sprockets/rails/quiet_assets.rb:13:in `call'
actionpack (5.2.1) lib/action_dispatch/middleware/remote_ip.rb:81:in `call'
actionpack (5.2.1) lib/action_dispatch/middleware/request_id.rb:27:in `call'
rack (2.0.5) lib/rack/method_override.rb:22:in `call'
rack (2.0.5) lib/rack/runtime.rb:22:in `call'
activesupport (5.2.1) lib/active_support/cache/strategy/local_cache_middleware.rb:29:in `call'
actionpack (5.2.1) lib/action_dispatch/middleware/executor.rb:14:in `call'
actionpack (5.2.1) lib/action_dispatch/middleware/static.rb:127:in `call'
rack (2.0.5) lib/rack/sendfile.rb:111:in `call'
railties (5.2.1) lib/rails/engine.rb:524:in `call'
puma (3.12.0) lib/puma/configuration.rb:225:in `call'
puma (3.12.0) lib/puma/server.rb:658:in `handle_request'
puma (3.12.0) lib/puma/server.rb:472:in `process_client'
puma (3.12.0) lib/puma/server.rb:332:in `block in run'
puma (3.12.0) lib/puma/thread_pool.rb:133:in `block in spawn_thread'
Started GET "/" for ::1 at 2018-08-11 21:08:58 -0400
Processing by SiteController#index as HTML
  Rendering site/index.html.erb within layouts/application
  Rendered site/index.html.erb within layouts/application (0.4ms)
Completed 200 OK in 29ms (Views: 26.8ms | ActiveRecord: 0.0ms)


Started GET "/" for ::1 at 2018-08-11 21:29:34 -0400
Processing by SiteController#index as HTML
  Rendering site/index.html.erb within layouts/application
  Rendered site/index.html.erb within layouts/application (0.3ms)
Completed 200 OK in 407ms (Views: 405.3ms | ActiveRecord: 0.0ms)


Started GET "/" for ::1 at 2018-08-11 21:31:27 -0400
Processing by SiteController#index as HTML
  Rendering site/index.html.erb within layouts/application
  Rendered site/index.html.erb within layouts/application (0.4ms)
Completed 200 OK in 32ms (Views: 30.6ms | ActiveRecord: 0.0ms)


Started GET "/" for ::1 at 2018-08-11 21:32:48 -0400
Processing by SiteController#index as HTML
  Rendering site/index.html.erb within layouts/application
  Rendered site/index.html.erb within layouts/application (0.4ms)
Completed 200 OK in 25ms (Views: 23.4ms | ActiveRecord: 0.0ms)


Started GET "/" for ::1 at 2018-08-11 21:34:58 -0400
Processing by SiteController#index as HTML
  Rendering site/index.html.erb within layouts/application
  Rendered site/index.html.erb within layouts/application (0.4ms)
Completed 200 OK in 414ms (Views: 412.5ms | ActiveRecord: 0.0ms)


Started GET "/" for ::1 at 2018-08-11 21:36:50 -0400
Processing by SiteController#index as HTML
  Rendering site/index.html.erb within layouts/application
  Rendered site/index.html.erb within layouts/application (0.7ms)
Completed 200 OK in 431ms (Views: 428.8ms | ActiveRecord: 0.0ms)


Started GET "/" for ::1 at 2018-08-11 21:41:59 -0400
Processing by SiteController#index as HTML
  Rendering site/index.html.erb within layouts/application
  Rendered site/index.html.erb within layouts/application (0.4ms)
Completed 200 OK in 485ms (Views: 483.4ms | ActiveRecord: 0.0ms)


Started GET "/" for ::1 at 2018-08-11 21:44:01 -0400
Processing by SiteController#index as HTML
  Rendering site/index.html.erb within layouts/application
  Rendered site/index.html.erb within layouts/application (0.4ms)
Completed 200 OK in 398ms (Views: 395.5ms | ActiveRecord: 0.0ms)


Started GET "/" for ::1 at 2018-08-11 21:45:15 -0400
Processing by SiteController#index as HTML
  Rendering site/index.html.erb within layouts/application
  Rendered site/index.html.erb within layouts/application (0.6ms)
Completed 200 OK in 981ms (Views: 979.2ms | ActiveRecord: 0.0ms)


Started GET "/" for ::1 at 2018-08-11 21:47:47 -0400
Processing by SiteController#index as HTML
  Rendering site/index.html.erb within layouts/application
  Rendered site/index.html.erb within layouts/application (0.4ms)
Completed 500 Internal Server Error in 204ms (ActiveRecord: 0.0ms)


  
ActionView::Template::Error (SyntaxError: unknown: Unexpected token (16:5)
  14 |             }
  15 |         });
> 16 |     },
     |      ^
  17 |     
  18 |     render() {
  19 |         return ():
     6:     <%= csp_meta_tag %>
     7: 
     8:     <%= stylesheet_link_tag    'application', media: 'all', 'data-turbolinks-track': 'reload' %>
     9:     <%= javascript_include_tag 'application', 'data-turbolinks-track': 'reload' %>
    10:   </head>
    11: 
    12:   <body>
  
(execjs):13514:21
(execjs):67512:12
(execjs):67516:21
(execjs):1:46
app/views/layouts/application.html.erb:9:in `_app_views_layouts_application_html_erb__3943058821623353404_70180742193860'
Started GET "/" for ::1 at 2018-08-11 21:48:51 -0400
Processing by SiteController#index as HTML
  Rendering site/index.html.erb within layouts/application
  Rendered site/index.html.erb within layouts/application (0.5ms)
Completed 200 OK in 469ms (Views: 466.8ms | ActiveRecord: 0.0ms)


Started GET "/" for ::1 at 2018-08-11 21:51:03 -0400
Processing by SiteController#index as HTML
  Rendering site/index.html.erb within layouts/application
  Rendered site/index.html.erb within layouts/application (0.5ms)
Completed 200 OK in 1375ms (Views: 1373.3ms | ActiveRecord: 0.0ms)


Started GET "/" for ::1 at 2018-08-12 10:39:11 -0400
  [1m[35m (0.4ms)[0m  [1m[34mSELECT "schema_migrations"."version" FROM "schema_migrations" ORDER BY "schema_migrations"."version" ASC[0m
  ↳ /Library/Ruby/Gems/2.3.0/gems/activerecord-5.2.1/lib/active_record/log_subscriber.rb:98
Processing by SiteController#index as HTML
  Rendering site/index.html.erb within layouts/application
  Rendered site/index.html.erb within layouts/application (1.1ms)
Completed 200 OK in 609ms (Views: 588.3ms | ActiveRecord: 0.0ms)


Started GET "/" for ::1 at 2018-08-12 10:41:09 -0400
Processing by SiteController#index as HTML
  Rendering site/index.html.erb within layouts/application
  Rendered site/index.html.erb within layouts/application (0.3ms)
Completed 200 OK in 706ms (Views: 703.7ms | ActiveRecord: 0.0ms)


Started GET "/" for ::1 at 2018-08-12 10:56:21 -0400
Processing by SiteController#index as HTML
  Rendering site/index.html.erb within layouts/application
  Rendered site/index.html.erb within layouts/application (0.4ms)
Completed 200 OK in 436ms (Views: 434.4ms | ActiveRecord: 0.0ms)


Started GET "/" for ::1 at 2018-08-12 10:58:55 -0400
Processing by SiteController#index as HTML
  Rendering site/index.html.erb within layouts/application
  Rendered site/index.html.erb within layouts/application (0.5ms)
Completed 200 OK in 431ms (Views: 428.7ms | ActiveRecord: 0.0ms)


Started GET "/" for ::1 at 2018-08-12 11:04:20 -0400
Processing by SiteController#index as HTML
  Rendering site/index.html.erb within layouts/application
  Rendered site/index.html.erb within layouts/application (0.6ms)
Completed 200 OK in 700ms (Views: 698.1ms | ActiveRecord: 0.0ms)


Started GET "/" for ::1 at 2018-08-12 11:04:30 -0400
Processing by SiteController#index as HTML
  Rendering site/index.html.erb within layouts/application
  Rendered site/index.html.erb within layouts/application (0.4ms)
Completed 200 OK in 464ms (Views: 462.4ms | ActiveRecord: 0.0ms)


Started GET "/" for ::1 at 2018-08-12 11:22:06 -0400
Processing by SiteController#index as HTML
  Rendering site/index.html.erb within layouts/application
  Rendered site/index.html.erb within layouts/application (0.7ms)
Completed 200 OK in 683ms (Views: 680.2ms | ActiveRecord: 0.0ms)


Started GET "/" for ::1 at 2018-08-12 11:24:11 -0400
Processing by SiteController#index as HTML
  Rendering site/index.html.erb within layouts/application
  Rendered site/index.html.erb within layouts/application (0.6ms)
Completed 200 OK in 463ms (Views: 461.2ms | ActiveRecord: 0.0ms)


Started GET "/" for ::1 at 2018-08-12 11:24:27 -0400
Processing by SiteController#index as HTML
  Rendering site/index.html.erb within layouts/application
  Rendered site/index.html.erb within layouts/application (0.5ms)
Completed 200 OK in 31ms (Views: 29.0ms | ActiveRecord: 0.0ms)


Started GET "/" for ::1 at 2018-08-12 11:24:56 -0400
Processing by SiteController#index as HTML
  Rendering site/index.html.erb within layouts/application
  Rendered site/index.html.erb within layouts/application (0.5ms)
Completed 200 OK in 459ms (Views: 457.2ms | ActiveRecord: 0.0ms)


Started GET "/" for ::1 at 2018-08-12 11:26:25 -0400
Processing by SiteController#index as HTML
  Rendering site/index.html.erb within layouts/application
  Rendered site/index.html.erb within layouts/application (1.1ms)
Completed 200 OK in 494ms (Views: 491.3ms | ActiveRecord: 0.0ms)


Started GET "/" for ::1 at 2018-08-12 11:26:43 -0400
Processing by SiteController#index as HTML
  Rendering site/index.html.erb within layouts/application
  Rendered site/index.html.erb within layouts/application (0.5ms)
Completed 200 OK in 442ms (Views: 439.9ms | ActiveRecord: 0.0ms)


Started GET "/" for ::1 at 2018-08-12 11:27:59 -0400
Processing by SiteController#index as HTML
  Rendering site/index.html.erb within layouts/application
  Rendered site/index.html.erb within layouts/application (0.5ms)
Completed 200 OK in 434ms (Views: 432.5ms | ActiveRecord: 0.0ms)


Started GET "/" for ::1 at 2018-08-12 11:41:05 -0400
Processing by SiteController#index as HTML
  Rendering site/index.html.erb within layouts/application
  Rendered site/index.html.erb within layouts/application (0.4ms)
Completed 200 OK in 447ms (Views: 444.6ms | ActiveRecord: 0.0ms)


Started GET "/" for ::1 at 2018-08-12 11:49:47 -0400
Processing by SiteController#index as HTML
  Rendering site/index.html.erb within layouts/application
  Rendered site/index.html.erb within layouts/application (0.6ms)
Completed 200 OK in 28ms (Views: 26.0ms | ActiveRecord: 0.0ms)


Started GET "/" for ::1 at 2018-08-12 11:50:49 -0400
Processing by SiteController#index as HTML
  Rendering site/index.html.erb within layouts/application
  Rendered site/index.html.erb within layouts/application (0.4ms)
Completed 200 OK in 28ms (Views: 26.6ms | ActiveRecord: 0.0ms)


Started GET "/" for ::1 at 2018-08-12 11:52:47 -0400
Processing by SiteController#index as HTML
  Rendering site/index.html.erb within layouts/application
  Rendered site/index.html.erb within layouts/application (0.5ms)
Completed 200 OK in 26ms (Views: 23.9ms | ActiveRecord: 0.0ms)


Started POST "/api/v1/items" for ::1 at 2018-08-12 11:53:16 -0400
Processing by Api::V1::ItemsController#create as */*
  Parameters: {"item"=>{"name"=>""}}
Can't verify CSRF token authenticity.
  [1m[35m (0.1ms)[0m  [1m[36mbegin transaction[0m
  ↳ app/controllers/api/v1/items_controller.rb:7
  [1m[36mItem Create (0.8ms)[0m  [1m[32mINSERT INTO "items" ("name", "created_at", "updated_at") VALUES (?, ?, ?)[0m  [["name", ""], ["created_at", "2018-08-12 15:53:16.520344"], ["updated_at", "2018-08-12 15:53:16.520344"]]
  ↳ app/controllers/api/v1/items_controller.rb:7
  [1m[35m (0.7ms)[0m  [1m[36mcommit transaction[0m
  ↳ app/controllers/api/v1/items_controller.rb:7
Completed 201 Created in 20ms (Views: 2.5ms | ActiveRecord: 2.2ms)


Started GET "/api/v1/items.json" for ::1 at 2018-08-12 11:53:29 -0400
Processing by Api::V1::ItemsController#index as JSON
  [1m[36mItem Load (0.2ms)[0m  [1m[34mSELECT "items".* FROM "items"[0m
  ↳ app/controllers/api/v1/items_controller.rb:3
Completed 200 OK in 8ms (Views: 3.5ms | ActiveRecord: 0.2ms)


Started GET "/" for ::1 at 2018-08-12 11:54:26 -0400
Processing by SiteController#index as HTML
  Rendering site/index.html.erb within layouts/application
  Rendered site/index.html.erb within layouts/application (0.5ms)
Completed 200 OK in 30ms (Views: 28.4ms | ActiveRecord: 0.0ms)


Started POST "/api/v1/items" for ::1 at 2018-08-12 11:59:00 -0400
Started GET "/" for ::1 at 2018-08-12 11:59:00 -0400
Processing by Api::V1::ItemsController#create as */*
Processing by SiteController#index as HTML
  Parameters: {"item"=>{"name"=>""}}
Can't verify CSRF token authenticity.
  Rendering site/index.html.erb within layouts/application
  [1m[35m (0.0ms)[0m  [1m[36mbegin transaction[0m
  Rendered site/index.html.erb within layouts/application (0.4ms)
  ↳ app/controllers/api/v1/items_controller.rb:7
  [1m[36mItem Create (0.3ms)[0m  [1m[32mINSERT INTO "items" ("name", "created_at", "updated_at") VALUES (?, ?, ?)[0m  [["name", ""], ["created_at", "2018-08-12 15:59:00.609077"], ["updated_at", "2018-08-12 15:59:00.609077"]]
  ↳ app/controllers/api/v1/items_controller.rb:7
  [1m[35m (0.8ms)[0m  [1m[36mcommit transaction[0m
  ↳ app/controllers/api/v1/items_controller.rb:7
Completed 201 Created in 22ms (Views: 0.5ms | ActiveRecord: 1.2ms)


Completed 200 OK in 39ms (Views: 37.2ms | ActiveRecord: 0.0ms)


Started GET "/" for ::1 at 2018-08-12 12:10:55 -0400
Processing by SiteController#index as HTML
  Rendering site/index.html.erb within layouts/application
  Rendered site/index.html.erb within layouts/application (0.4ms)
Completed 200 OK in 427ms (Views: 424.6ms | ActiveRecord: 0.0ms)


Started GET "/" for ::1 at 2018-08-12 12:19:52 -0400
Processing by SiteController#index as HTML
  Rendering site/index.html.erb within layouts/application
  Rendered site/index.html.erb within layouts/application (0.5ms)
Completed 200 OK in 414ms (Views: 412.5ms | ActiveRecord: 0.0ms)


Started GET "/" for ::1 at 2018-08-12 12:21:42 -0400
Processing by SiteController#index as HTML
  Rendering site/index.html.erb within layouts/application
  Rendered site/index.html.erb within layouts/application (0.5ms)
Completed 200 OK in 470ms (Views: 467.9ms | ActiveRecord: 0.0ms)


Started GET "/" for ::1 at 2018-08-12 12:22:44 -0400
Processing by SiteController#index as HTML
  Rendering site/index.html.erb within layouts/application
  Rendered site/index.html.erb within layouts/application (0.5ms)
Completed 200 OK in 491ms (Views: 488.3ms | ActiveRecord: 0.0ms)


Started GET "/" for ::1 at 2018-08-12 12:23:16 -0400
Processing by SiteController#index as HTML
  Rendering site/index.html.erb within layouts/application
  Rendered site/index.html.erb within layouts/application (0.8ms)
Completed 200 OK in 465ms (Views: 462.6ms | ActiveRecord: 0.0ms)


Started GET "/" for ::1 at 2018-08-12 12:24:13 -0400
Processing by SiteController#index as HTML
  Rendering site/index.html.erb within layouts/application
  Rendered site/index.html.erb within layouts/application (0.7ms)
Completed 200 OK in 38ms (Views: 35.4ms | ActiveRecord: 0.0ms)


Started GET "/" for ::1 at 2018-08-12 12:40:25 -0400
Processing by SiteController#index as HTML
  Rendering site/index.html.erb within layouts/application
  Rendered site/index.html.erb within layouts/application (0.4ms)
Completed 200 OK in 34ms (Views: 31.9ms | ActiveRecord: 0.0ms)


Started GET "/" for ::1 at 2018-08-12 12:44:51 -0400
Processing by SiteController#index as HTML
  Rendering site/index.html.erb within layouts/application
  Rendered site/index.html.erb within layouts/application (0.4ms)
Completed 200 OK in 461ms (Views: 458.7ms | ActiveRecord: 0.0ms)


Started GET "/" for ::1 at 2018-08-12 12:46:46 -0400
Processing by SiteController#index as HTML
  Rendering site/index.html.erb within layouts/application
  Rendered site/index.html.erb within layouts/application (0.5ms)
Completed 200 OK in 449ms (Views: 447.3ms | ActiveRecord: 0.0ms)


Started POST "/api/v1/items" for ::1 at 2018-08-12 12:48:28 -0400
Processing by Api::V1::ItemsController#create as */*
  Parameters: {"item"=>{"name"=>""}}
Can't verify CSRF token authenticity.
  [1m[35m (0.1ms)[0m  [1m[36mbegin transaction[0m
  ↳ app/controllers/api/v1/items_controller.rb:7
  [1m[36mItem Create (0.6ms)[0m  [1m[32mINSERT INTO "items" ("name", "created_at", "updated_at") VALUES (?, ?, ?)[0m  [["name", ""], ["created_at", "2018-08-12 16:48:28.826327"], ["updated_at", "2018-08-12 16:48:28.826327"]]
  ↳ app/controllers/api/v1/items_controller.rb:7
  [1m[35m (1.6ms)[0m  [1m[36mcommit transaction[0m
  ↳ app/controllers/api/v1/items_controller.rb:7
Completed 201 Created in 18ms (Views: 0.8ms | ActiveRecord: 2.8ms)


Started GET "/" for ::1 at 2018-08-12 13:19:58 -0400
Processing by SiteController#index as HTML
  Rendering site/index.html.erb within layouts/application
  Rendered site/index.html.erb within layouts/application (0.5ms)
Completed 200 OK in 483ms (Views: 480.7ms | ActiveRecord: 0.0ms)


Started GET "/" for ::1 at 2018-08-12 13:20:22 -0400
Processing by SiteController#index as HTML
  Rendering site/index.html.erb within layouts/application
  Rendered site/index.html.erb within layouts/application (0.5ms)
Completed 200 OK in 455ms (Views: 452.8ms | ActiveRecord: 0.0ms)


Started POST "/api/v1/items" for ::1 at 2018-08-12 13:23:59 -0400
Processing by Api::V1::ItemsController#create as */*
  Parameters: {"item"=>{"name"=>""}}
Can't verify CSRF token authenticity.
Started GET "/" for ::1 at 2018-08-12 13:23:59 -0400
Processing by SiteController#index as HTML
  Rendering site/index.html.erb within layouts/application
  Rendered site/index.html.erb within layouts/application (0.5ms)
Completed 200 OK in 33ms (Views: 30.7ms | ActiveRecord: 0.0ms)


  [1m[35m (0.1ms)[0m  [1m[36mbegin transaction[0m
  ↳ app/controllers/api/v1/items_controller.rb:7
  [1m[36mItem Create (0.6ms)[0m  [1m[32mINSERT INTO "items" ("name", "created_at", "updated_at") VALUES (?, ?, ?)[0m  [["name", ""], ["created_at", "2018-08-12 17:23:59.323172"], ["updated_at", "2018-08-12 17:23:59.323172"]]
  ↳ app/controllers/api/v1/items_controller.rb:7
  [1m[35m (1.0ms)[0m  [1m[36mcommit transaction[0m
  ↳ app/controllers/api/v1/items_controller.rb:7
Completed 201 Created in 58ms (Views: 1.0ms | ActiveRecord: 2.4ms)


Started GET "/" for ::1 at 2018-08-12 13:27:50 -0400
Processing by SiteController#index as HTML
  Rendering site/index.html.erb within layouts/application
  Rendered site/index.html.erb within layouts/application (0.5ms)
Completed 200 OK in 464ms (Views: 462.2ms | ActiveRecord: 0.0ms)


Started GET "/" for ::1 at 2018-08-12 13:29:26 -0400
Processing by SiteController#index as HTML
  Rendering site/index.html.erb within layouts/application
  Rendered site/index.html.erb within layouts/application (0.5ms)
Completed 200 OK in 34ms (Views: 31.9ms | ActiveRecord: 0.0ms)


Started GET "/" for ::1 at 2018-08-12 13:31:16 -0400
Processing by SiteController#index as HTML
  Rendering site/index.html.erb within layouts/application
  Rendered site/index.html.erb within layouts/application (0.5ms)
Completed 200 OK in 481ms (Views: 479.1ms | ActiveRecord: 0.0ms)


Started GET "/" for ::1 at 2018-08-12 13:31:42 -0400
Processing by SiteController#index as HTML
  Rendering site/index.html.erb within layouts/application
  Rendered site/index.html.erb within layouts/application (0.7ms)
Completed 200 OK in 463ms (Views: 461.1ms | ActiveRecord: 0.0ms)


Started GET "/" for ::1 at 2018-08-12 13:32:51 -0400
Processing by SiteController#index as HTML
  Rendering site/index.html.erb within layouts/application
  Rendered site/index.html.erb within layouts/application (0.5ms)
Completed 200 OK in 516ms (Views: 513.6ms | ActiveRecord: 0.0ms)


Started POST "/api/v1/items" for ::1 at 2018-08-12 13:33:19 -0400
Processing by Api::V1::ItemsController#create as */*
  Parameters: {"item"=>{"name"=>""}}
Can't verify CSRF token authenticity.
  [1m[35m (0.0ms)[0m  [1m[36mbegin transaction[0m
  ↳ app/controllers/api/v1/items_controller.rb:7
  [1m[36mItem Create (0.3ms)[0m  [1m[32mINSERT INTO "items" ("name", "created_at", "updated_at") VALUES (?, ?, ?)[0m  [["name", ""], ["created_at", "2018-08-12 17:33:19.441269"], ["updated_at", "2018-08-12 17:33:19.441269"]]
  ↳ app/controllers/api/v1/items_controller.rb:7
  [1m[35m (1.3ms)[0m  [1m[36mcommit transaction[0m
  ↳ app/controllers/api/v1/items_controller.rb:7
Completed 201 Created in 14ms (Views: 0.9ms | ActiveRecord: 2.2ms)


Started POST "/api/v1/items" for ::1 at 2018-08-12 13:34:39 -0400
Processing by Api::V1::ItemsController#create as */*
  Parameters: {"item"=>{"name"=>""}}
Started GET "/" for ::1 at 2018-08-12 13:34:39 -0400
Can't verify CSRF token authenticity.
  [1m[35m (0.0ms)[0m  [1m[36mbegin transaction[0m
  ↳ app/controllers/api/v1/items_controller.rb:7
  [1m[36mItem Create (0.3ms)[0m  [1m[32mINSERT INTO "items" ("name", "created_at", "updated_at") VALUES (?, ?, ?)[0m  [["name", ""], ["created_at", "2018-08-12 17:34:39.096967"], ["updated_at", "2018-08-12 17:34:39.096967"]]
  ↳ app/controllers/api/v1/items_controller.rb:7
  [1m[35m (1.2ms)[0m  [1m[36mcommit transaction[0m
  ↳ app/controllers/api/v1/items_controller.rb:7
Completed 201 Created in 15ms (Views: 0.6ms | ActiveRecord: 2.2ms)


Processing by SiteController#index as HTML
  Rendering site/index.html.erb within layouts/application
  Rendered site/index.html.erb within layouts/application (0.4ms)
Completed 200 OK in 464ms (Views: 462.2ms | ActiveRecord: 0.0ms)


Started GET "/" for ::1 at 2018-08-12 13:35:18 -0400
Processing by SiteController#index as HTML
  Rendering site/index.html.erb within layouts/application
  Rendered site/index.html.erb within layouts/application (0.7ms)
Completed 200 OK in 444ms (Views: 442.1ms | ActiveRecord: 0.0ms)


Started GET "/" for ::1 at 2018-08-12 13:35:37 -0400
Processing by SiteController#index as HTML
  Rendering site/index.html.erb within layouts/application
  Rendered site/index.html.erb within layouts/application (0.5ms)
Completed 200 OK in 472ms (Views: 469.8ms | ActiveRecord: 0.0ms)


Started POST "/api/v1/items" for ::1 at 2018-08-12 13:36:02 -0400
Processing by Api::V1::ItemsController#create as */*
  Parameters: {"item"=>{"name"=>"", "description"=>""}}
Started GET "/" for ::1 at 2018-08-12 13:36:02 -0400
Can't verify CSRF token authenticity.
Processing by SiteController#index as HTML
  Rendering site/index.html.erb within layouts/application
  Rendered site/index.html.erb within layouts/application (0.6ms)
Completed 200 OK in 36ms (Views: 33.9ms | ActiveRecord: 0.0ms)


  [1m[35m (0.1ms)[0m  [1m[36mbegin transaction[0m
  ↳ app/controllers/api/v1/items_controller.rb:7
  [1m[36mItem Create (0.3ms)[0m  [1m[32mINSERT INTO "items" ("name", "description", "created_at", "updated_at") VALUES (?, ?, ?, ?)[0m  [["name", ""], ["description", ""], ["created_at", "2018-08-12 17:36:02.223143"], ["updated_at", "2018-08-12 17:36:02.223143"]]
  ↳ app/controllers/api/v1/items_controller.rb:7
  [1m[35m (0.7ms)[0m  [1m[36mcommit transaction[0m
  ↳ app/controllers/api/v1/items_controller.rb:7
Completed 201 Created in 62ms (Views: 1.7ms | ActiveRecord: 1.9ms)


Started GET "/" for ::1 at 2018-08-12 13:36:16 -0400
Processing by SiteController#index as HTML
  Rendering site/index.html.erb within layouts/application
  Rendered site/index.html.erb within layouts/application (0.4ms)
Completed 200 OK in 450ms (Views: 447.9ms | ActiveRecord: 0.0ms)


Started GET "/" for ::1 at 2018-08-12 13:36:32 -0400
Processing by SiteController#index as HTML
  Rendering site/index.html.erb within layouts/application
  Rendered site/index.html.erb within layouts/application (0.5ms)
Completed 200 OK in 464ms (Views: 462.0ms | ActiveRecord: 0.0ms)


Started GET "/" for ::1 at 2018-08-12 13:36:54 -0400
Processing by SiteController#index as HTML
  Rendering site/index.html.erb within layouts/application
  Rendered site/index.html.erb within layouts/application (0.5ms)
Completed 200 OK in 27ms (Views: 25.4ms | ActiveRecord: 0.0ms)


Started POST "/api/v1/items" for ::1 at 2018-08-12 13:37:13 -0400
Processing by Api::V1::ItemsController#create as */*
Started GET "/" for ::1 at 2018-08-12 13:37:13 -0400
  Parameters: {"item"=>{"name"=>"", "description"=>""}}
Processing by SiteController#index as HTML
Can't verify CSRF token authenticity.
  Rendering site/index.html.erb within layouts/application
  Rendered site/index.html.erb within layouts/application (0.6ms)
Completed 200 OK in 30ms (Views: 27.6ms | ActiveRecord: 0.0ms)


  [1m[35m (0.0ms)[0m  [1m[36mbegin transaction[0m
  ↳ app/controllers/api/v1/items_controller.rb:7
  [1m[36mItem Create (0.4ms)[0m  [1m[32mINSERT INTO "items" ("name", "description", "created_at", "updated_at") VALUES (?, ?, ?, ?)[0m  [["name", ""], ["description", ""], ["created_at", "2018-08-12 17:37:13.738109"], ["updated_at", "2018-08-12 17:37:13.738109"]]
  ↳ app/controllers/api/v1/items_controller.rb:7
  [1m[35m (0.8ms)[0m  [1m[36mcommit transaction[0m
  ↳ app/controllers/api/v1/items_controller.rb:7
Completed 201 Created in 49ms (Views: 0.9ms | ActiveRecord: 2.1ms)


Started GET "/" for ::1 at 2018-08-12 13:37:26 -0400
Processing by SiteController#index as HTML
  Rendering site/index.html.erb within layouts/application
  Rendered site/index.html.erb within layouts/application (0.4ms)
Completed 200 OK in 447ms (Views: 445.3ms | ActiveRecord: 0.0ms)


Started GET "/" for ::1 at 2018-08-12 13:57:14 -0400
Processing by SiteController#index as HTML
  Rendering site/index.html.erb within layouts/application
  Rendered site/index.html.erb within layouts/application (0.5ms)
Completed 200 OK in 453ms (Views: 451.2ms | ActiveRecord: 0.0ms)


Started GET "/" for ::1 at 2018-08-12 13:57:59 -0400
Processing by SiteController#index as HTML
  Rendering site/index.html.erb within layouts/application
  Rendered site/index.html.erb within layouts/application (0.5ms)
Completed 200 OK in 485ms (Views: 482.7ms | ActiveRecord: 0.0ms)


Started GET "/" for ::1 at 2018-08-12 13:58:25 -0400
Processing by SiteController#index as HTML
  Rendering site/index.html.erb within layouts/application
  Rendered site/index.html.erb within layouts/application (1.0ms)
Completed 200 OK in 32ms (Views: 30.1ms | ActiveRecord: 0.0ms)


Started GET "/" for ::1 at 2018-08-12 13:58:31 -0400
Processing by SiteController#index as HTML
  Rendering site/index.html.erb within layouts/application
  Rendered site/index.html.erb within layouts/application (0.4ms)
Completed 200 OK in 27ms (Views: 25.5ms | ActiveRecord: 0.0ms)


Started GET "/" for ::1 at 2018-08-12 14:01:27 -0400
Processing by SiteController#index as HTML
  Rendering site/index.html.erb within layouts/application
  Rendered site/index.html.erb within layouts/application (0.6ms)
Completed 200 OK in 31ms (Views: 29.1ms | ActiveRecord: 0.0ms)


Started GET "/" for ::1 at 2018-08-12 14:02:44 -0400
Processing by SiteController#index as HTML
Started GET "/" for ::1 at 2018-08-12 14:02:44 -0400
  Rendering site/index.html.erb within layouts/application
  Rendered site/index.html.erb within layouts/application (0.5ms)
Completed 200 OK in 473ms (Views: 471.0ms | ActiveRecord: 0.0ms)


Processing by SiteController#index as HTML
  Rendering site/index.html.erb within layouts/application
  Rendered site/index.html.erb within layouts/application (0.6ms)
Completed 200 OK in 32ms (Views: 30.2ms | ActiveRecord: 0.0ms)


Started GET "/" for ::1 at 2018-08-12 14:03:09 -0400
Processing by SiteController#index as HTML
  Rendering site/index.html.erb within layouts/application
  Rendered site/index.html.erb within layouts/application (0.5ms)
Completed 200 OK in 454ms (Views: 452.0ms | ActiveRecord: 0.0ms)


Started GET "/" for ::1 at 2018-08-12 14:06:15 -0400
Processing by SiteController#index as HTML
  Rendering site/index.html.erb within layouts/application
  Rendered site/index.html.erb within layouts/application (0.6ms)
Completed 200 OK in 457ms (Views: 455.3ms | ActiveRecord: 0.0ms)


Started GET "/" for ::1 at 2018-08-12 14:10:12 -0400
Processing by SiteController#index as HTML
  Rendering site/index.html.erb within layouts/application
  Rendered site/index.html.erb within layouts/application (0.8ms)
Completed 200 OK in 476ms (Views: 474.0ms | ActiveRecord: 0.0ms)


Started GET "/" for ::1 at 2018-08-12 14:12:12 -0400
Processing by SiteController#index as HTML
  Rendering site/index.html.erb within layouts/application
  Rendered site/index.html.erb within layouts/application (0.6ms)
Completed 200 OK in 493ms (Views: 491.0ms | ActiveRecord: 0.0ms)


Started GET "/" for ::1 at 2018-08-12 14:12:54 -0400
Processing by SiteController#index as HTML
  Rendering site/index.html.erb within layouts/application
  Rendered site/index.html.erb within layouts/application (0.5ms)
Completed 200 OK in 30ms (Views: 27.3ms | ActiveRecord: 0.0ms)


Started GET "/" for ::1 at 2018-08-12 14:13:15 -0400
Processing by SiteController#index as HTML
  Rendering site/index.html.erb within layouts/application
  Rendered site/index.html.erb within layouts/application (0.4ms)
Completed 200 OK in 465ms (Views: 463.2ms | ActiveRecord: 0.0ms)


Started GET "/" for ::1 at 2018-08-12 14:15:49 -0400
Processing by SiteController#index as HTML
  Rendering site/index.html.erb within layouts/application
  Rendered site/index.html.erb within layouts/application (0.5ms)
Completed 200 OK in 462ms (Views: 459.6ms | ActiveRecord: 0.0ms)


Started GET "/" for ::1 at 2018-08-12 14:30:31 -0400
Processing by SiteController#index as HTML
  Rendering site/index.html.erb within layouts/application
  Rendered site/index.html.erb within layouts/application (0.5ms)
Completed 200 OK in 465ms (Views: 462.1ms | ActiveRecord: 0.0ms)


Started GET "/" for ::1 at 2018-08-12 14:40:47 -0400
Processing by SiteController#index as HTML
  Rendering site/index.html.erb within layouts/application
  Rendered site/index.html.erb within layouts/application (0.5ms)
Completed 200 OK in 474ms (Views: 472.0ms | ActiveRecord: 0.0ms)


Started GET "/" for ::1 at 2018-08-12 14:43:26 -0400
Processing by SiteController#index as HTML
  Rendering site/index.html.erb within layouts/application
  Rendered site/index.html.erb within layouts/application (0.5ms)
Completed 200 OK in 505ms (Views: 502.6ms | ActiveRecord: 0.0ms)


Started GET "/" for ::1 at 2018-08-12 14:44:26 -0400
Processing by SiteController#index as HTML
  Rendering site/index.html.erb within layouts/application
  Rendered site/index.html.erb within layouts/application (0.5ms)
Completed 200 OK in 477ms (Views: 475.2ms | ActiveRecord: 0.0ms)


Started GET "/" for ::1 at 2018-08-12 14:49:37 -0400
Processing by SiteController#index as HTML
  Rendering site/index.html.erb within layouts/application
  Rendered site/index.html.erb within layouts/application (0.6ms)
Completed 200 OK in 487ms (Views: 484.7ms | ActiveRecord: 0.0ms)


Started GET "/" for ::1 at 2018-08-12 14:50:46 -0400
Processing by SiteController#index as HTML
  Rendering site/index.html.erb within layouts/application
  Rendered site/index.html.erb within layouts/application (0.5ms)
Completed 200 OK in 492ms (Views: 490.4ms | ActiveRecord: 0.0ms)


Started POST "/api/v1/items" for ::1 at 2018-08-12 14:51:23 -0400
Processing by Api::V1::ItemsController#create as */*
Can't verify CSRF token authenticity.
Started GET "/" for ::1 at 2018-08-12 14:51:23 -0400
Processing by SiteController#index as HTML
  Rendering site/index.html.erb within layouts/application
  Rendered site/index.html.erb within layouts/application (0.6ms)
Completed 200 OK in 37ms (Views: 34.5ms | ActiveRecord: 0.0ms)


Completed 400 Bad Request in 42ms (ActiveRecord: 0.0ms)


Started GET "/?name=ffasasf&description=" for ::1 at 2018-08-12 14:51:23 -0400
  
Processing by SiteController#index as HTML
ActionController::ParameterMissing (param is missing or the value is empty: item):
  Parameters: {"name"=>"ffasasf", "description"=>""}
  
app/controllers/api/v1/items_controller.rb:23:in `item_params'
app/controllers/api/v1/items_controller.rb:7:in `create'
  Rendering site/index.html.erb within layouts/application
  Rendered site/index.html.erb within layouts/application (0.6ms)
Completed 200 OK in 69ms (Views: 66.2ms | ActiveRecord: 0.0ms)


Started GET "/?name=ffasasf&description=" for ::1 at 2018-08-12 14:53:36 -0400
Processing by SiteController#index as HTML
  Parameters: {"name"=>"ffasasf", "description"=>""}
  Rendering site/index.html.erb within layouts/application
  Rendered site/index.html.erb within layouts/application (0.7ms)
Completed 200 OK in 509ms (Views: 505.8ms | ActiveRecord: 0.0ms)


Started GET "/?name=ffasasf&description=" for ::1 at 2018-08-12 14:55:34 -0400
Processing by SiteController#index as HTML
  Parameters: {"name"=>"ffasasf", "description"=>""}
  Rendering site/index.html.erb within layouts/application
  Rendered site/index.html.erb within layouts/application (0.5ms)
Completed 200 OK in 491ms (Views: 489.4ms | ActiveRecord: 0.0ms)


Started POST "/api/v1/items" for ::1 at 2018-08-12 14:56:21 -0400
Processing by Api::V1::ItemsController#create as */*
Can't verify CSRF token authenticity.
Completed 400 Bad Request in 3ms (ActiveRecord: 0.0ms)


Started GET "/?name=fasfasdfas&description=fasdfasfds" for ::1 at 2018-08-12 14:56:21 -0400
  
Processing by SiteController#index as HTML
ActionController::ParameterMissing (param is missing or the value is empty: item):
  Parameters: {"name"=>"fasfasdfas", "description"=>"fasdfasfds"}
  
app/controllers/api/v1/items_controller.rb:23:in `item_params'
app/controllers/api/v1/items_controller.rb:7:in `create'
  Rendering site/index.html.erb within layouts/application
  Rendered site/index.html.erb within layouts/application (0.9ms)
Completed 200 OK in 81ms (Views: 78.8ms | ActiveRecord: 0.0ms)


Started GET "/?name=fasfasdfas&description=fasdfasfds" for ::1 at 2018-08-12 14:57:30 -0400
Processing by SiteController#index as HTML
  Parameters: {"name"=>"fasfasdfas", "description"=>"fasdfasfds"}
  Rendering site/index.html.erb within layouts/application
  Rendered site/index.html.erb within layouts/application (0.5ms)
Completed 200 OK in 495ms (Views: 492.7ms | ActiveRecord: 0.0ms)


Started GET "/?name=fasfasdfas&description=fasdfasfds" for ::1 at 2018-08-12 15:07:32 -0400
Processing by SiteController#index as HTML
  Parameters: {"name"=>"fasfasdfas", "description"=>"fasdfasfds"}
  Rendering site/index.html.erb within layouts/application
  Rendered site/index.html.erb within layouts/application (0.6ms)
Completed 200 OK in 466ms (Views: 463.7ms | ActiveRecord: 0.0ms)


Started GET "/?name=fasfasdfas&description=fasdfasfds" for ::1 at 2018-08-12 15:07:34 -0400
Processing by SiteController#index as HTML
  Parameters: {"name"=>"fasfasdfas", "description"=>"fasdfasfds"}
  Rendering site/index.html.erb within layouts/application
  Rendered site/index.html.erb within layouts/application (0.5ms)
Completed 200 OK in 30ms (Views: 27.6ms | ActiveRecord: 0.0ms)


Started GET "/?name=fasfasdfas&description=fasdfasfds" for ::1 at 2018-08-12 15:08:20 -0400
Processing by SiteController#index as HTML
  Parameters: {"name"=>"fasfasdfas", "description"=>"fasdfasfds"}
  Rendering site/index.html.erb within layouts/application
  Rendered site/index.html.erb within layouts/application (0.6ms)
Completed 200 OK in 465ms (Views: 463.5ms | ActiveRecord: 0.0ms)


Started GET "/?name=fasfasdfas&description=fasdfasfds" for ::1 at 2018-08-12 15:22:26 -0400
Processing by SiteController#index as HTML
  Parameters: {"name"=>"fasfasdfas", "description"=>"fasdfasfds"}
  Rendering site/index.html.erb within layouts/application
  Rendered site/index.html.erb within layouts/application (0.5ms)
Completed 200 OK in 473ms (Views: 471.4ms | ActiveRecord: 0.0ms)


Started GET "/?name=fasfasdfas&description=fasdfasfds" for ::1 at 2018-08-12 15:22:29 -0400
Processing by SiteController#index as HTML
  Parameters: {"name"=>"fasfasdfas", "description"=>"fasdfasfds"}
  Rendering site/index.html.erb within layouts/application
  Rendered site/index.html.erb within layouts/application (0.5ms)
Completed 200 OK in 28ms (Views: 26.5ms | ActiveRecord: 0.0ms)


Started GET "/?name=fasfasdfas&description=fasdfasfds" for ::1 at 2018-08-12 15:23:16 -0400
Processing by SiteController#index as HTML
  Parameters: {"name"=>"fasfasdfas", "description"=>"fasdfasfds"}
  Rendering site/index.html.erb within layouts/application
  Rendered site/index.html.erb within layouts/application (0.5ms)
Started GET "/?name=ffasasf&description=fdsfsafsafsa" for ::1 at 2018-08-12 15:23:16 -0400
Processing by SiteController#index as HTML
  Parameters: {"name"=>"ffasasf", "description"=>"fdsfsafsafsa"}
  Rendering site/index.html.erb within layouts/application
  Rendered site/index.html.erb within layouts/application (0.5ms)
Completed 200 OK in 52ms (Views: 50.5ms | ActiveRecord: 0.0ms)


Completed 200 OK in 39ms (Views: 37.0ms | ActiveRecord: 0.0ms)


Started GET "/?name=ffasasf&description=fdsfsafsafsa" for ::1 at 2018-08-12 15:24:19 -0400
Processing by SiteController#index as HTML
  Parameters: {"name"=>"ffasasf", "description"=>"fdsfsafsafsa"}
  Rendering site/index.html.erb within layouts/application
  Rendered site/index.html.erb within layouts/application (0.5ms)
Completed 200 OK in 463ms (Views: 460.9ms | ActiveRecord: 0.0ms)


Started POST "/api/v1/items" for ::1 at 2018-08-12 15:24:33 -0400
Processing by Api::V1::ItemsController#create as */*
  Parameters: {"item"=>{"name"=>"PS4", "description"=>"This is a SONY console"}}
Started GET "/?name=PS4&description=This+is+a+SONY+console" for ::1 at 2018-08-12 15:24:33 -0400
Can't verify CSRF token authenticity.
Processing by SiteController#index as HTML
  Parameters: {"name"=>"PS4", "description"=>"This is a SONY console"}
  Rendering site/index.html.erb within layouts/application
  Rendered site/index.html.erb within layouts/application (0.6ms)
Completed 200 OK in 34ms (Views: 32.2ms | ActiveRecord: 0.0ms)


  [1m[35m (0.0ms)[0m  [1m[36mbegin transaction[0m
  ↳ app/controllers/api/v1/items_controller.rb:7
  [1m[36mItem Create (0.3ms)[0m  [1m[32mINSERT INTO "items" ("name", "description", "created_at", "updated_at") VALUES (?, ?, ?, ?)[0m  [["name", "PS4"], ["description", "This is a SONY console"], ["created_at", "2018-08-12 19:24:33.179126"], ["updated_at", "2018-08-12 19:24:33.179126"]]
  ↳ app/controllers/api/v1/items_controller.rb:7
  [1m[35m (0.9ms)[0m  [1m[36mcommit transaction[0m
  ↳ app/controllers/api/v1/items_controller.rb:7
Completed 201 Created in 57ms (Views: 1.6ms | ActiveRecord: 1.9ms)


Started GET "/api/v1/items.json" for ::1 at 2018-08-12 15:25:20 -0400
Processing by Api::V1::ItemsController#index as JSON
  [1m[36mItem Load (0.2ms)[0m  [1m[34mSELECT "items".* FROM "items"[0m
  ↳ app/controllers/api/v1/items_controller.rb:3
Completed 200 OK in 14ms (Views: 8.1ms | ActiveRecord: 0.7ms)


